
############### All passwords are 'default' ###############

./gen-cert-chain-key.sh
Generating RSA private key, 1024 bit long modulus
......++++++
......................................................++++++
e is 65537 (0x10001)
Enter pass phrase for ca.key:
Verifying - Enter pass phrase for ca.key:
Enter pass phrase for ca.key:
You are about to be asked to enter information that will be incorporated
into your certificate request.
What you are about to enter is what is called a Distinguished Name or a DN.
There are quite a few fields but you can leave some blank
For some fields there will be a default value,
If you enter '.', the field will be left blank.
-----
Country Name (2 letter code) []:cn
State or Province Name (full name) []:bj
Locality Name (eg, city) []:bj
Organization Name (eg, company) []:f5-test
Organizational Unit Name (eg, section) []:pd
Common Name (eg, fully qualified host name) []:nginx
Email Address []:a.zong@f5.com
Generating RSA private key, 1024 bit long modulus
............................++++++
.........++++++
e is 65537 (0x10001)
Enter pass phrase for ca-int_encrypted.key:
Verifying - Enter pass phrase for ca-int_encrypted.key:
Enter pass phrase for ca-int_encrypted.key:
writing RSA key
Signature ok
subject=/CN=ca-int@f5.test.com
Getting CA Private Key
Enter pass phrase for ca.key:
Generating RSA private key, 1024 bit long modulus
............++++++
..++++++
e is 65537 (0x10001)
Enter pass phrase for server_encrypted.key:
Verifying - Enter pass phrase for server_encrypted.key:
Enter pass phrase for server_encrypted.key:
writing RSA key
Signature ok
subject=/CN=server@f5.test.com
Getting CA Private Key
